<?xml version="1.0" encoding="UTF-8"?>
<testng-results ignored="0" total="1" passed="1" failed="0" skipped="0">
  <reporter-output>
  </reporter-output>
  <suite started-at="2021-10-10T16:41:44 IST" name="Default suite" finished-at="2021-10-10T16:42:34 IST" duration-ms="49956">
    <groups>
    </groups>
    <test started-at="2021-10-10T16:41:44 IST" name="Default test" finished-at="2021-10-10T16:42:34 IST" duration-ms="49956">
      <class name="com.reddiff.mail.autoscripts.SendEmailTC090">
        <test-method signature="sendMail()[pri:0, instance:com.reddiff.mail.autoscripts.SendEmailTC090@16a0ee18]" started-at="2021-10-10T16:41:44 IST" name="sendMail" finished-at="2021-10-10T16:42:34 IST" duration-ms="49847" status="PASS">
          <reporter-output>
          </reporter-output>
        </test-method> <!-- sendMail -->
      </class> <!-- com.reddiff.mail.autoscripts.SendEmailTC090 -->
    </test> <!-- Default test -->
  </suite> <!-- Default suite -->
</testng-results>
